<?xml version="1.0" encoding="UTF-8"?>
<!-- Generated by org.testng.reporters.JUnitXMLReporter -->
<testsuite ignored="0" hostname="DESKTOP-6RF1UHU" failures="0" tests="4" name="Test" time="8.16" errors="0" timestamp="2023-11-13T17:16:36 IST">
  <testcase classname="api.test.UserTests2" name="testPostUser" time="2.65"/>
  <testcase classname="api.test.UserTests2" name="testGetUserbyName" time="1.236"/>
  <testcase classname="api.test.UserTests2" name="testUpdateUserbyName" time="2.393"/>
  <testcase classname="api.test.UserTests2" name="testDeleteUserbyName" time="1.175"/>
</testsuite> <!-- Test -->
