<?xml version="1.0" encoding="UTF-8"?>
<!-- Generated by org.testng.reporters.JUnitXMLReporter -->
<testsuite ignored="0" hostname="DESKTOP-6RF1UHU" failures="0" tests="4" name="Test" time="8.37" errors="0" timestamp="2023-11-14T11:14:53 IST">
  <testcase classname="api.test.UserTests2" name="testPostUser" time="2.743"/>
  <testcase classname="api.test.UserTests2" name="testGetUserbyName" time="1.304"/>
  <testcase classname="api.test.UserTests2" name="testUpdateUserbyName" time="2.447"/>
  <testcase classname="api.test.UserTests2" name="testDeleteUserbyName" time="1.182"/>
</testsuite> <!-- Test -->
