<?xml version="1.0" encoding="UTF-8"?>
<testng-results ignored="0" total="4" passed="4" failed="0" skipped="0">
  <reporter-output>
  </reporter-output>
  <suite started-at="2023-11-14T11:14:44 IST" name="Suite" finished-at="2023-11-14T11:14:53 IST" duration-ms="8370">
    <groups>
    </groups>
    <test started-at="2023-11-14T11:14:44 IST" name="Test" finished-at="2023-11-14T11:14:53 IST" duration-ms="8370">
      <class name="api.test.UserTests2">
        <test-method is-config="true" signature="Setupdata()[pri:0, instance:api.test.UserTests2@55fe41ea]" started-at="2023-11-14T11:14:44 IST" name="Setupdata" finished-at="2023-11-14T11:14:45 IST" duration-ms="502" status="PASS">
          <reporter-output>
          </reporter-output>
        </test-method> <!-- Setupdata -->
        <test-method signature="testPostUser()[pri:1, instance:api.test.UserTests2@55fe41ea]" started-at="2023-11-14T11:14:45 IST" name="testPostUser" finished-at="2023-11-14T11:14:48 IST" duration-ms="2743" status="PASS">
          <reporter-output>
          </reporter-output>
        </test-method> <!-- testPostUser -->
        <test-method signature="testGetUserbyName()[pri:2, instance:api.test.UserTests2@55fe41ea]" started-at="2023-11-14T11:14:48 IST" name="testGetUserbyName" finished-at="2023-11-14T11:14:49 IST" duration-ms="1304" status="PASS">
          <reporter-output>
          </reporter-output>
        </test-method> <!-- testGetUserbyName -->
        <test-method signature="testUpdateUserbyName()[pri:3, instance:api.test.UserTests2@55fe41ea]" started-at="2023-11-14T11:14:49 IST" name="testUpdateUserbyName" finished-at="2023-11-14T11:14:51 IST" duration-ms="2447" status="PASS">
          <reporter-output>
          </reporter-output>
        </test-method> <!-- testUpdateUserbyName -->
        <test-method signature="testDeleteUserbyName()[pri:4, instance:api.test.UserTests2@55fe41ea]" started-at="2023-11-14T11:14:51 IST" name="testDeleteUserbyName" finished-at="2023-11-14T11:14:53 IST" duration-ms="1182" status="PASS">
          <reporter-output>
          </reporter-output>
        </test-method> <!-- testDeleteUserbyName -->
      </class> <!-- api.test.UserTests2 -->
    </test> <!-- Test -->
  </suite> <!-- Suite -->
</testng-results>
