<?xml version="1.0" encoding="UTF-8"?>
<testng-results ignored="0" total="4" passed="4" failed="0" skipped="0">
  <reporter-output>
  </reporter-output>
  <suite started-at="2023-11-13T17:16:27 IST" name="Suite" finished-at="2023-11-13T17:16:36 IST" duration-ms="8160">
    <groups>
    </groups>
    <test started-at="2023-11-13T17:16:27 IST" name="Test" finished-at="2023-11-13T17:16:36 IST" duration-ms="8160">
      <class name="api.test.UserTests2">
        <test-method is-config="true" signature="Setupdata()[pri:0, instance:api.test.UserTests2@4961f6af]" started-at="2023-11-13T17:16:28 IST" name="Setupdata" finished-at="2023-11-13T17:16:28 IST" duration-ms="486" status="PASS">
          <reporter-output>
          </reporter-output>
        </test-method> <!-- Setupdata -->
        <test-method signature="testPostUser()[pri:1, instance:api.test.UserTests2@4961f6af]" started-at="2023-11-13T17:16:28 IST" name="testPostUser" finished-at="2023-11-13T17:16:31 IST" duration-ms="2650" status="PASS">
          <reporter-output>
          </reporter-output>
        </test-method> <!-- testPostUser -->
        <test-method signature="testGetUserbyName()[pri:2, instance:api.test.UserTests2@4961f6af]" started-at="2023-11-13T17:16:31 IST" name="testGetUserbyName" finished-at="2023-11-13T17:16:32 IST" duration-ms="1236" status="PASS">
          <reporter-output>
          </reporter-output>
        </test-method> <!-- testGetUserbyName -->
        <test-method signature="testUpdateUserbyName()[pri:3, instance:api.test.UserTests2@4961f6af]" started-at="2023-11-13T17:16:32 IST" name="testUpdateUserbyName" finished-at="2023-11-13T17:16:34 IST" duration-ms="2393" status="PASS">
          <reporter-output>
          </reporter-output>
        </test-method> <!-- testUpdateUserbyName -->
        <test-method signature="testDeleteUserbyName()[pri:4, instance:api.test.UserTests2@4961f6af]" started-at="2023-11-13T17:16:34 IST" name="testDeleteUserbyName" finished-at="2023-11-13T17:16:36 IST" duration-ms="1175" status="PASS">
          <reporter-output>
          </reporter-output>
        </test-method> <!-- testDeleteUserbyName -->
      </class> <!-- api.test.UserTests2 -->
    </test> <!-- Test -->
  </suite> <!-- Suite -->
</testng-results>
